<?xml version="1.0" encoding="utf-8"?><testsuites name="pytest tests"><testsuite name="pytest" errors="0" failures="0" skipped="0" tests="116" time="27.412" timestamp="2026-05-10T18:57:42.349724+03:00" hostname="Tsyngalevs-MacBook-Pro.local"><testcase classname="test_auth.TestTokenIssuance" name="test_issue_operator_token" time="0.588" /><testcase classname="test_auth.TestTokenIssuance" name="test_issue_viewer_token" time="0.047" /><testcase classname="test_auth.TestTokenIssuance" name="test_issue_token_with_ttl" time="0.074" /><testcase classname="test_auth.TestTokenIssuance" name="test_issue_invalid_role_rejected" time="0.028" /><testcase classname="test_auth.TestTokenIssuance" name="test_non_admin_cannot_issue_token" time="0.077" /><testcase classname="test_auth.TestTokenIssuance" name="test_viewer_cannot_issue_token" time="0.070" /><testcase classname="test_auth.TestTokenList" name="test_list_tokens_as_admin" time="0.034" /><testcase classname="test_auth.TestTokenList" name="test_list_tokens_hides_plaintext" time="0.035" /><testcase classname="test_auth.TestTokenList" name="test_non_admin_cannot_list_tokens" time="0.054" /><testcase classname="test_auth.TestTokenRevoke" name="test_revoke_token" time="0.121" /><testcase classname="test_auth.TestTokenRevoke" name="test_cannot_revoke_root_token" time="0.034" /><testcase classname="test_auth.TestTokenRevoke" name="test_revoke_nonexistent_returns_404" time="0.031" /><testcase classname="test_auth.TestWhoami" name="test_whoami_returns_role" time="0.036" /><testcase classname="test_auth.TestWhoami" name="test_whoami_for_issued_token" time="0.052" /><testcase classname="test_auth.TestWhoami" name="test_whoami_without_token_returns_401" time="0.014" /><testcase classname="test_auth.TestWhoami" name="test_whoami_with_invalid_token_returns_401" time="0.024" /><testcase classname="test_auth.TestRBAC" name="test_viewer_can_read_tasks" time="0.061" /><testcase classname="test_auth.TestRBAC" name="test_viewer_cannot_submit_task" time="0.067" /><testcase classname="test_auth.TestRBAC" name="test_operator_can_submit_task" time="0.069" /><testcase classname="test_auth.TestRBAC" name="test_viewer_can_read_workers" time="0.068" /><testcase classname="test_auth.TestRBAC" name="test_viewer_cannot_register_worker" time="0.058" /><testcase classname="test_auth.TestRBAC" name="test_operator_can_register_worker" time="0.066" /><testcase classname="test_auth.TestRBAC" name="test_no_token_returns_401" time="0.011" /><testcase classname="test_auth.TestRBAC" name="test_health_is_public" time="0.039" /><testcase classname="test_auth.TestRBAC" name="test_metrics_is_public" time="0.035" /><testcase classname="test_cicd.TestCICDHealth" name="test_health_ok" time="0.011" /><testcase classname="test_cicd.TestCICDHealth" name="test_metrics_ok" time="0.011" /><testcase classname="test_cicd.TestCICDHealth" name="test_unauthorized_without_token" time="0.010" /><testcase classname="test_cicd.TestSubscriptions" name="test_subscribe_returns_201" time="0.151" /><testcase classname="test_cicd.TestSubscriptions" name="test_list_subscriptions" time="0.039" /><testcase classname="test_cicd.TestSubscriptions" name="test_delete_subscription" time="0.063" /><testcase classname="test_cicd.TestSubscriptions" name="test_delete_nonexistent_returns_404" time="0.029" /><testcase classname="test_cicd.TestWebhookGitLab" name="test_valid_token_dispatches_task" time="0.064" /><testcase classname="test_cicd.TestWebhookGitLab" name="test_invalid_token_returns_403" time="0.010" /><testcase classname="test_cicd.TestWebhookGitLab" name="test_missing_bitstream_returns_403" time="0.011" /><testcase classname="test_cicd.TestWebhookGitHub" name="test_valid_signature_dispatches_task" time="0.121" /><testcase classname="test_cicd.TestWebhookGitHub" name="test_invalid_signature_returns_403" time="0.060" /><testcase classname="test_cicd.TestNotify" name="test_notify_sends_callback" time="0.754" /><testcase classname="test_cli.TestConfigCommand" name="test_use_context_saves_config" time="0.014" /><testcase classname="test_cli.TestConfigCommand" name="test_config_show" time="0.003" /><testcase classname="test_cli.TestGetCommands" name="test_get_masters" time="0.036" /><testcase classname="test_cli.TestGetCommands" name="test_get_workers" time="0.034" /><testcase classname="test_cli.TestGetCommands" name="test_get_fpgas" time="0.040" /><testcase classname="test_cli.TestGetCommands" name="test_get_queue" time="0.023" /><testcase classname="test_cli.TestGetCommands" name="test_get_tasks" time="0.034" /><testcase classname="test_cli.TestHealthCommands" name="test_health" time="0.036" /><testcase classname="test_cli.TestHealthCommands" name="test_who_master" time="0.140" /><testcase classname="test_cli.TestHealthCommands" name="test_quorum_command" time="0.032" /><testcase classname="test_cli.TestRegisterCommands" name="test_register_worker" time="0.053" /><testcase classname="test_cli.TestRegisterCommands" name="test_register_worker_appears_in_list" time="0.070" /><testcase classname="test_cli.TestSubmitCommand" name="test_submit_task" time="0.051" /><testcase classname="test_cli.TestSubmitCommand" name="test_submit_task_appears_in_list" time="0.071" /><testcase classname="test_cli.TestTokenCommands" name="test_token_whoami" time="0.021" /><testcase classname="test_cli.TestTokenCommands" name="test_token_list" time="0.039" /><testcase classname="test_cli.TestTokenCommands" name="test_token_issue" time="0.037" /><testcase classname="test_cli.TestTokenCommands" name="test_token_issue_with_ttl" time="0.041" /><testcase classname="test_cli.TestTokenCommands" name="test_token_revoke" time="0.078" /><testcase classname="test_cli.TestTokenCommands" name="test_token_wrong_role_rejected" time="0.002" /><testcase classname="test_cli.TestErrorHandling" name="test_get_task_nonexistent" time="0.036" /><testcase classname="test_cli.TestErrorHandling" name="test_invalid_url_graceful_fail" time="0.009" /><testcase classname="test_e2e.TestPipelineTestProjects" name="test_test_project_pipeline[Network Parser]" time="0.250" /><testcase classname="test_e2e.TestPipelineTestProjects" name="test_test_project_pipeline[HFT Market Data Decoder]" time="0.306" /><testcase classname="test_e2e.TestPipelineTestProjects" name="test_test_project_pipeline[TCP Offload Engine]" time="0.218" /><testcase classname="test_e2e.TestPipelineTestProjects" name="test_all_test_projects_submitted" time="0.117" /><testcase classname="test_e2e.TestPipelineTestProjects" name="test_test_project_fpga_tag_routing" time="0.095" /><testcase classname="test_e2e.TestPipelineProdProjects" name="test_dev_project_pipeline" time="0.357" /><testcase classname="test_e2e.TestPipelineProdProjects" name="test_prod_project_pipeline" time="0.255" /><testcase classname="test_e2e.TestPipelineProdProjects" name="test_fpga_tags_follow_naming_convention" time="0.085" /><testcase classname="test_e2e.TestPipelineRouting" name="test_worker_tag_separation" time="0.109" /><testcase classname="test_e2e.TestPipelineRouting" name="test_queue_contains_test_tasks" time="0.061" /><testcase classname="test_e2e.TestEmulatorTestSequence" name="test_run_test_sequence_basic" time="2.533" /><testcase classname="test_e2e.TestEmulatorTestSequence" name="test_run_test_sequence_case_structure" time="10.409" /><testcase classname="test_e2e.TestEmulatorTestSequence" name="test_emulator_program_still_works" time="3.357" /><testcase classname="test_e2e.TestEmulatorTestSequence" name="test_emulator_status" time="0.022" /><testcase classname="test_e2e.TestFullPipelineIntegration" name="test_all_five_projects_submitted_and_visible" time="0.248" /><testcase classname="test_e2e.TestFullPipelineIntegration" name="test_worker_registration_visible" time="0.149" /><testcase classname="test_ha.TestMultipleMasters" name="test_all_three_masters_healthy" time="0.130" /><testcase classname="test_ha.TestMultipleMasters" name="test_quorum_state_is_ha_with_three_masters" time="0.060" /><testcase classname="test_ha.TestMultipleMasters" name="test_all_masters_report_same_quorum_state" time="0.095" /><testcase classname="test_ha.TestMultipleMasters" name="test_masters_count_is_three" time="0.029" /><testcase classname="test_ha.TestMultipleMasters" name="test_masters_share_state" time="1.148" /><testcase classname="test_ha.TestMultipleMasters" name="test_queue_shared_between_masters" time="0.604" /><testcase classname="test_ha.TestMultipleMasters" name="test_who_master_returns_valid_response_on_all" time="0.104" /><testcase classname="test_ha.TestMultipleMasters" name="test_task_submitted_to_master1_visible_on_all" time="1.121" /><testcase classname="test_ha.TestQuorumHealth" name="test_quorum_endpoint" time="0.034" /><testcase classname="test_master_api.TestHealth" name="test_health_ok" time="0.029" /><testcase classname="test_master_api.TestHealth" name="test_metrics_endpoint" time="0.040" /><testcase classname="test_master_api.TestHealth" name="test_openapi_docs" time="0.060" /><testcase classname="test_master_api.TestQueueOperations" name="test_queue_initially_empty_or_readable" time="0.028" /><testcase classname="test_master_api.TestQueueOperations" name="test_put_and_list_project" time="0.046" /><testcase classname="test_master_api.TestQueueOperations" name="test_remove_nonexistent_project" time="0.028" /><testcase classname="test_master_api.TestQueueOperations" name="test_pop_project" time="0.034" /><testcase classname="test_master_api.TestClusterState" name="test_get_masters" time="0.033" /><testcase classname="test_master_api.TestClusterState" name="test_who_master" time="0.029" /><testcase classname="test_master_api.TestClusterState" name="test_get_workers_returns_list" time="0.033" /><testcase classname="test_master_api.TestWorkerRegistration" name="test_register_worker" time="0.030" /><testcase classname="test_master_api.TestWorkerRegistration" name="test_worker_heartbeat" time="0.064" /><testcase classname="test_master_api.TestFPGARegistration" name="test_register_fpga" time="0.034" /><testcase classname="test_master_api.TestFPGARegistration" name="test_list_fpgas" time="0.061" /><testcase classname="test_master_api.TestFPGARegistration" name="test_get_fpga_by_id" time="0.078" /><testcase classname="test_master_api.TestFPGARegistration" name="test_get_nonexistent_fpga" time="0.064" /><testcase classname="test_master_api.TestTaskManagement" name="test_submit_task" time="0.058" /><testcase classname="test_master_api.TestTaskManagement" name="test_get_task" time="0.054" /><testcase classname="test_master_api.TestTaskManagement" name="test_list_tasks" time="0.045" /><testcase classname="test_master_api.TestTaskManagement" name="test_complete_task" time="0.088" /><testcase classname="test_worker_api.TestWorkerHealth" name="test_worker1_health" time="0.015" /><testcase classname="test_worker_api.TestWorkerHealth" name="test_worker2_health" time="0.014" /><testcase classname="test_worker_api.TestWorkerHealth" name="test_worker_metrics" time="0.013" /><testcase classname="test_worker_api.TestFPGARegistrationOnWorker" name="test_register_fpga_usb" time="0.027" /><testcase classname="test_worker_api.TestFPGARegistrationOnWorker" name="test_register_fpga_ethernet" time="0.010" /><testcase classname="test_worker_api.TestFPGARegistrationOnWorker" name="test_register_fpga_jtag" time="0.010" /><testcase classname="test_worker_api.TestFPGARegistrationOnWorker" name="test_list_fpgas_after_registration" time="0.013" /><testcase classname="test_worker_api.TestFPGARegistrationOnWorker" name="test_get_fpga_by_id" time="0.011" /><testcase classname="test_worker_api.TestFPGARegistrationOnWorker" name="test_get_nonexistent_fpga" time="0.010" /><testcase classname="test_worker_api.TestTaskExecution" name="test_execute_task_dispatch" time="0.119" /><testcase classname="test_worker_api.TestTaskExecution" name="test_task_status_endpoint" time="0.011" /></testsuite></testsuites>